Determining if the pthread_create exist failed with the following output:
Change Dir: /home/ly/Desktop/catkin_ws/build/CMakeFiles/CMakeTmp

Run Build Command:"/usr/bin/make" "cmTC_9e9cf/fast"
/usr/bin/make -f CMakeFiles/cmTC_9e9cf.dir/build.make CMakeFiles/cmTC_9e9cf.dir/build
make[1]: Entering directory '/home/ly/Desktop/catkin_ws/build/CMakeFiles/CMakeTmp'
Building C object CMakeFiles/cmTC_9e9cf.dir/CheckSymbolExists.c.o
/usr/bin/cc     -o CMakeFiles/cmTC_9e9cf.dir/CheckSymbolExists.c.o   -c /home/ly/Desktop/catkin_ws/build/CMakeFiles/CMakeTmp/CheckSymbolExists.c
Linking C executable cmTC_9e9cf
/usr/bin/cmake -E cmake_link_script CMakeFiles/cmTC_9e9cf.dir/link.txt --verbose=1
/usr/bin/cc       CMakeFiles/cmTC_9e9cf.dir/CheckSymbolExists.c.o  -o cmTC_9e9cf -rdynamic 
CMakeFiles/cmTC_9e9cf.dir/CheckSymbolExists.c.o: In function `main':
CheckSymbolExists.c:(.text+0x16): undefined reference to `pthread_create'
collect2: error: ld returned 1 exit status
CMakeFiles/cmTC_9e9cf.dir/build.make:97: recipe for target 'cmTC_9e9cf' failed
make[1]: *** [cmTC_9e9cf] Error 1
make[1]: Leaving directory '/home/ly/Desktop/catkin_ws/build/CMakeFiles/CMakeTmp'
Makefile:126: recipe for target 'cmTC_9e9cf/fast' failed
make: *** [cmTC_9e9cf/fast] Error 2

File /home/ly/Desktop/catkin_ws/build/CMakeFiles/CMakeTmp/CheckSymbolExists.c:
/* */
#include <pthread.h>

int main(int argc, char** argv)
{
  (void)argv;
#ifndef pthread_create
  return ((int*)(&pthread_create))[argc];
#else
  (void)argc;
  return 0;
#endif
}

Determining if the function pthread_create exists in the pthreads failed with the following output:
Change Dir: /home/ly/Desktop/catkin_ws/build/CMakeFiles/CMakeTmp

Run Build Command:"/usr/bin/make" "cmTC_a790a/fast"
/usr/bin/make -f CMakeFiles/cmTC_a790a.dir/build.make CMakeFiles/cmTC_a790a.dir/build
make[1]: Entering directory '/home/ly/Desktop/catkin_ws/build/CMakeFiles/CMakeTmp'
Building C object CMakeFiles/cmTC_a790a.dir/CheckFunctionExists.c.o
/usr/bin/cc    -DCHECK_FUNCTION_EXISTS=pthread_create   -o CMakeFiles/cmTC_a790a.dir/CheckFunctionExists.c.o   -c /usr/share/cmake-3.5/Modules/CheckFunctionExists.c
Linking C executable cmTC_a790a
/usr/bin/cmake -E cmake_link_script CMakeFiles/cmTC_a790a.dir/link.txt --verbose=1
/usr/bin/cc   -DCHECK_FUNCTION_EXISTS=pthread_create    CMakeFiles/cmTC_a790a.dir/CheckFunctionExists.c.o  -o cmTC_a790a -rdynamic -lpthreads 
/usr/bin/ld: cannot find -lpthreads
collect2: error: ld returned 1 exit status
CMakeFiles/cmTC_a790a.dir/build.make:97: recipe for target 'cmTC_a790a' failed
make[1]: *** [cmTC_a790a] Error 1
make[1]: Leaving directory '/home/ly/Desktop/catkin_ws/build/CMakeFiles/CMakeTmp'
Makefile:126: recipe for target 'cmTC_a790a/fast' failed
make: *** [cmTC_a790a/fast] Error 2


